[debug] [2018-10-29T14:16:12.071Z] ----------------------------------------------------------------------
[debug] [2018-10-29T14:16:12.073Z] Command:       /usr/local/bin/node /usr/local/bin/firebase serve
[debug] [2018-10-29T14:16:12.073Z] CLI Version:   6.0.0
[debug] [2018-10-29T14:16:12.073Z] Platform:      darwin
[debug] [2018-10-29T14:16:12.073Z] Node Version:  v11.0.0
[debug] [2018-10-29T14:16:12.074Z] Time:          Mon Oct 29 2018 15:16:12 GMT+0100 (Central European Standard Time)
[debug] [2018-10-29T14:16:12.074Z] ----------------------------------------------------------------------
[debug] 
[debug] [2018-10-29T14:16:12.082Z] > command requires scopes: ["email","openid","https://www.googleapis.com/auth/cloudplatformprojects.readonly","https://www.googleapis.com/auth/firebase","https://www.googleapis.com/auth/cloud-platform"]
[debug] [2018-10-29T14:16:12.083Z] > authorizing via signed-in user
[debug] [2018-10-29T14:16:12.083Z] [iam] checking project friendly-eats-fd437 for permissions ["firebase.projects.get"]
[debug] [2018-10-29T14:16:12.084Z] >>> HTTP REQUEST POST https://cloudresourcemanager.googleapis.com/v1/projects/friendly-eats-fd437:testIamPermissions  

[debug] [2018-10-29T14:16:12.937Z] <<< HTTP RESPONSE 200
[debug] [2018-10-29T14:16:12.939Z] >>> HTTP REQUEST GET https://cloudresourcemanager.googleapis.com/v1/projects/friendly-eats-fd437  
 
[debug] [2018-10-29T14:16:14.392Z] <<< HTTP RESPONSE 200
[info] 
[info] === Serving from '/Users/waseefakhtar/Documents/Xcode Projects/friendlyeats-web'...
[info] 
[debug] [2018-10-29T14:16:14.394Z] >>> HTTP REQUEST GET https://mobilesdk-pa.googleapis.com/v1/projects/740798564344/clients/_:getWebAppConfig  
 
[debug] [2018-10-29T14:16:14.655Z] <<< HTTP RESPONSE 200
[info] i  hosting: Serving hosting files from: ./
[info] ✔  hosting: Local server: http://localhost:5000
